# JRE version: OpenJDK Runtime Environment GraalVM CE 22.3.0 (17.0.5+8) (build 17.0.5+8-jvmci-22.3-b08)
# Java VM: OpenJDK 64-Bit Server VM GraalVM CE 22.3.0 (17.0.5+8-jvmci-22.3-b08, mixed mode, sharing, tiered, jvmci, jvmci compiler, compressed oops, compressed class ptrs, parallel gc, linux-amd64)
GC Precious Log:
 CPUs: 8 total, 1 available
 Memory: 1024M
 Large Page Support: Disabled
 NUMA Support: Disabled
 Compressed Oops: Enabled (32-bit)
 Alignments: Space 512K, Generation 512K, Heap 2M
 Heap Min Capacity: 100M
 Heap Initial Capacity: 100M
 Heap Max Capacity: 512M
 Pre-touch: Disabled
 Parallel Workers: 1
Heap:
 PSYoungGen      total 39936K, used 26623K [0x00000000f5580000, 0x00000000f8b00000, 0x0000000100000000)
  eden space 26624K, 99% used [0x00000000f5580000,0x00000000f6f7fff8,0x00000000f6f80000)
  from space 13312K, 0% used [0x00000000f6f80000,0x00000000f6f80000,0x00000000f7c80000)
  to   space 11264K, 0% used [0x00000000f7e80000,0x00000000f7e80000,0x00000000f8980000)
 ParOldGen       total 349696K, used 349695K [0x00000000e0000000, 0x00000000f5580000, 0x00000000f5580000)
  object space 349696K, 99% used [0x00000000e0000000,0x00000000f557fff0,0x00000000f5580000)
 Metaspace       used 52257K, committed 53248K, reserved 1097728K
  class space    used 5293K, committed 5696K, reserved 1048576K
GC Heap History (20 events):
Event: 1129.383 GC heap before
{Heap before GC invocations=818 (full 695):
 PSYoungGen      total 39936K, used 26623K [0x00000000f5580000, 0x00000000f8b00000, 0x0000000100000000)
  eden space 26624K, 99% used [0x00000000f5580000,0x00000000f6f7fff8,0x00000000f6f80000)
  from space 13312K, 0% used [0x00000000f6f80000,0x00000000f6f80000,0x00000000f7c80000)
  to   space 11264K, 0% used [0x00000000f7e80000,0x00000000f7e80000,0x00000000f8980000)
 ParOldGen       total 349696K, used 349695K [0x00000000e0000000, 0x00000000f5580000, 0x00000000f5580000)
  object space 349696K, 99% used [0x00000000e0000000,0x00000000f557ffc8,0x00000000f5580000)
 Metaspace       used 52257K, committed 53248K, reserved 1097728K
  class space    used 5293K, committed 5696K, reserved 1048576K
}
Event: 1130.652 GC heap after
{Heap after GC invocations=818 (full 695):
 PSYoungGen      total 37888K, used 26623K [0x00000000f5580000, 0x00000000f8b00000, 0x0000000100000000)
  eden space 26624K, 99% used [0x00000000f5580000,0x00000000f6f7fff8,0x00000000f6f80000)
  from space 11264K, 0% used [0x00000000f7e80000,0x00000000f7e80000,0x00000000f8980000)
  to   space 13312K, 0% used [0x00000000f6f80000,0x00000000f6f80000,0x00000000f7c80000)
 ParOldGen       total 349696K, used 349695K [0x00000000e0000000, 0x00000000f5580000, 0x00000000f5580000)
  object space 349696K, 99% used [0x00000000e0000000,0x00000000f557ffa0,0x00000000f5580000)
 Metaspace       used 52257K, committed 53248K, reserved 1097728K
  class space    used 5293K, committed 5696K, reserved 1048576K
}
Event: 1130.652 GC heap before
{Heap before GC invocations=819 (full 696):
 PSYoungGen      total 37888K, used 26623K [0x00000000f5580000, 0x00000000f8b00000, 0x0000000100000000)
  eden space 26624K, 99% used [0x00000000f5580000,0x00000000f6f7fff8,0x00000000f6f80000)
  from space 11264K, 0% used [0x00000000f7e80000,0x00000000f7e80000,0x00000000f8980000)
  to   space 13312K, 0% used [0x00000000f6f80000,0x00000000f6f80000,0x00000000f7c80000)
 ParOldGen       total 349696K, used 349695K [0x00000000e0000000, 0x00000000f5580000, 0x00000000f5580000)
  object space 349696K, 99% used [0x00000000e0000000,0x00000000f557ffa0,0x00000000f5580000)
 Metaspace       used 52257K, committed 53248K, reserved 1097728K
  class space    used 5293K, committed 5696K, reserved 1048576K
}
Event: 1131.787 GC heap after
{Heap after GC invocations=819 (full 696):
 PSYoungGen      total 39936K, used 26623K [0x00000000f5580000, 0x00000000f8b00000, 0x0000000100000000)
  eden space 26624K, 99% used [0x00000000f5580000,0x00000000f6f7fff8,0x00000000f6f80000)
  from space 13312K, 0% used [0x00000000f6f80000,0x00000000f6f80000,0x00000000f7c80000)
  to   space 11264K, 0% used [0x00000000f7e80000,0x00000000f7e80000,0x00000000f8980000)
 ParOldGen       total 349696K, used 349695K [0x00000000e0000000, 0x00000000f5580000, 0x00000000f5580000)
  object space 349696K, 99% used [0x00000000e0000000,0x00000000f557ffa0,0x00000000f5580000)
 Metaspace       used 52257K, committed 53248K, reserved 1097728K
  class space    used 5293K, committed 5696K, reserved 1048576K
}
Event: 1131.787 GC heap before
{Heap before GC invocations=820 (full 697):
 PSYoungGen      total 39936K, used 26623K [0x00000000f5580000, 0x00000000f8b00000, 0x0000000100000000)
  eden space 26624K, 99% used [0x00000000f5580000,0x00000000f6f7fff8,0x00000000f6f80000)
  from space 13312K, 0% used [0x00000000f6f80000,0x00000000f6f80000,0x00000000f7c80000)
  to   space 11264K, 0% used [0x00000000f7e80000,0x00000000f7e80000,0x00000000f8980000)
 ParOldGen       total 349696K, used 349695K [0x00000000e0000000, 0x00000000f5580000, 0x00000000f5580000)
  object space 349696K, 99% used [0x00000000e0000000,0x00000000f557fff0,0x00000000f5580000)
 Metaspace       used 52257K, committed 53248K, reserved 1097728K
  class space    used 5293K, committed 5696K, reserved 1048576K
}
Event: 1133.043 GC heap after
{Heap after GC invocations=820 (full 697):
 PSYoungGen      total 37888K, used 26623K [0x00000000f5580000, 0x00000000f8b00000, 0x0000000100000000)
  eden space 26624K, 99% used [0x00000000f5580000,0x00000000f6f7fff8,0x00000000f6f80000)
  from space 11264K, 0% used [0x00000000f7e80000,0x00000000f7e80000,0x00000000f8980000)
  to   space 13312K, 0% used [0x00000000f6f80000,0x00000000f6f80000,0x00000000f7c80000)
 ParOldGen       total 349696K, used 349695K [0x00000000e0000000, 0x00000000f5580000, 0x00000000f5580000)
  object space 349696K, 99% used [0x00000000e0000000,0x00000000f557ff90,0x00000000f5580000)
 Metaspace       used 52257K, committed 53248K, reserved 1097728K
  class space    used 5293K, committed 5696K, reserved 1048576K
}
Event: 1133.043 GC heap before
{Heap before GC invocations=821 (full 698):
 PSYoungGen      total 37888K, used 26623K [0x00000000f5580000, 0x00000000f8b00000, 0x0000000100000000)
  eden space 26624K, 99% used [0x00000000f5580000,0x00000000f6f7fff8,0x00000000f6f80000)
  from space 11264K, 0% used [0x00000000f7e80000,0x00000000f7e80000,0x00000000f8980000)
  to   space 13312K, 0% used [0x00000000f6f80000,0x00000000f6f80000,0x00000000f7c80000)
 ParOldGen       total 349696K, used 349695K [0x00000000e0000000, 0x00000000f5580000, 0x00000000f5580000)
  object space 349696K, 99% used [0x00000000e0000000,0x00000000f557fff8,0x00000000f5580000)
 Metaspace       used 52257K, committed 53248K, reserved 1097728K
  class space    used 5293K, committed 5696K, reserved 1048576K
}
Event: 1134.484 GC heap after
{Heap after GC invocations=821 (full 698):
 PSYoungGen      total 39936K, used 26623K [0x00000000f5580000, 0x00000000f8b00000, 0x0000000100000000)
  eden space 26624K, 99% used [0x00000000f5580000,0x00000000f6f7fff8,0x00000000f6f80000)
  from space 13312K, 0% used [0x00000000f6f80000,0x00000000f6f80000,0x00000000f7c80000)
  to   space 11264K, 0% used [0x00000000f7e80000,0x00000000f7e80000,0x00000000f8980000)
 ParOldGen       total 349696K, used 349694K [0x00000000e0000000, 0x00000000f5580000, 0x00000000f5580000)
  object space 349696K, 99% used [0x00000000e0000000,0x00000000f557fa28,0x00000000f5580000)
 Metaspace       used 52257K, committed 53248K, reserved 1097728K
  class space    used 5293K, committed 5696K, reserved 1048576K
}
Event: 1134.484 GC heap before
{Heap before GC invocations=822 (full 699):
 PSYoungGen      total 39936K, used 26623K [0x00000000f5580000, 0x00000000f8b00000, 0x0000000100000000)
  eden space 26624K, 99% used [0x00000000f5580000,0x00000000f6f7fff8,0x00000000f6f80000)
  from space 13312K, 0% used [0x00000000f6f80000,0x00000000f6f80000,0x00000000f7c80000)
  to   space 11264K, 0% used [0x00000000f7e80000,0x00000000f7e80000,0x00000000f8980000)
 ParOldGen       total 349696K, used 349694K [0x00000000e0000000, 0x00000000f5580000, 0x00000000f5580000)
  object space 349696K, 99% used [0x00000000e0000000,0x00000000f557faa8,0x00000000f5580000)
 Metaspace       used 52257K, committed 53248K, reserved 1097728K
  class space    used 5293K, committed 5696K, reserved 1048576K
}
Event: 1135.802 GC heap after
{Heap after GC invocations=822 (full 699):
 PSYoungGen      total 37888K, used 26623K [0x00000000f5580000, 0x00000000f8b00000, 0x0000000100000000)
  eden space 26624K, 99% used [0x00000000f5580000,0x00000000f6f7fff8,0x00000000f6f80000)
  from space 11264K, 0% used [0x00000000f7e80000,0x00000000f7e80000,0x00000000f8980000)
  to   space 13312K, 0% used [0x00000000f6f80000,0x00000000f6f80000,0x00000000f7c80000)
 ParOldGen       total 349696K, used 349694K [0x00000000e0000000, 0x00000000f5580000, 0x00000000f5580000)
  object space 349696K, 99% used [0x00000000e0000000,0x00000000f557fa08,0x00000000f5580000)
 Metaspace       used 52257K, committed 53248K, reserved 1097728K
  class space    used 5293K, committed 5696K, reserved 1048576K
}
Event: 1135.803 GC heap before
{Heap before GC invocations=823 (full 700):
 PSYoungGen      total 37888K, used 26623K [0x00000000f5580000, 0x00000000f8b00000, 0x0000000100000000)
  eden space 26624K, 99% used [0x00000000f5580000,0x00000000f6f7fff8,0x00000000f6f80000)
  from space 11264K, 0% used [0x00000000f7e80000,0x00000000f7e80000,0x00000000f8980000)
  to   space 13312K, 0% used [0x00000000f6f80000,0x00000000f6f80000,0x00000000f7c80000)
 ParOldGen       total 349696K, used 349695K [0x00000000e0000000, 0x00000000f5580000, 0x00000000f5580000)
  object space 349696K, 99% used [0x00000000e0000000,0x00000000f557ff90,0x00000000f5580000)
 Metaspace       used 52257K, committed 53248K, reserved 1097728K
  class space    used 5293K, committed 5696K, reserved 1048576K
}
Event: 1137.273 GC heap after
{Heap after GC invocations=823 (full 700):
 PSYoungGen      total 39936K, used 26623K [0x00000000f5580000, 0x00000000f8b00000, 0x0000000100000000)
  eden space 26624K, 99% used [0x00000000f5580000,0x00000000f6f7fff8,0x00000000f6f80000)
  from space 13312K, 0% used [0x00000000f6f80000,0x00000000f6f80000,0x00000000f7c80000)
  to   space 11264K, 0% used [0x00000000f7e80000,0x00000000f7e80000,0x00000000f8980000)
 ParOldGen       total 349696K, used 349694K [0x00000000e0000000, 0x00000000f5580000, 0x00000000f5580000)
  object space 349696K, 99% used [0x00000000e0000000,0x00000000f557fa48,0x00000000f5580000)
 Metaspace       used 52257K, committed 53248K, reserved 1097728K
  class space    used 5293K, committed 5696K, reserved 1048576K
}
Event: 1137.276 GC heap before
{Heap before GC invocations=824 (full 701):
 PSYoungGen      total 39936K, used 26623K [0x00000000f5580000, 0x00000000f8b00000, 0x0000000100000000)
  eden space 26624K, 99% used [0x00000000f5580000,0x00000000f6f7fff8,0x00000000f6f80000)
  from space 13312K, 0% used [0x00000000f6f80000,0x00000000f6f80000,0x00000000f7c80000)
  to   space 11264K, 0% used [0x00000000f7e80000,0x00000000f7e80000,0x00000000f8980000)
 ParOldGen       total 349696K, used 349695K [0x00000000e0000000, 0x00000000f5580000, 0x00000000f5580000)
  object space 349696K, 99% used [0x00000000e0000000,0x00000000f557fd18,0x00000000f5580000)
 Metaspace       used 52257K, committed 53248K, reserved 1097728K
  class space    used 5293K, committed 5696K, reserved 1048576K
}
Event: 1138.644 GC heap after
{Heap after GC invocations=824 (full 701):
 PSYoungGen      total 37888K, used 26623K [0x00000000f5580000, 0x00000000f8b00000, 0x0000000100000000)
  eden space 26624K, 99% used [0x00000000f5580000,0x00000000f6f7fff8,0x00000000f6f80000)
  from space 11264K, 0% used [0x00000000f7e80000,0x00000000f7e80000,0x00000000f8980000)
  to   space 13312K, 0% used [0x00000000f6f80000,0x00000000f6f80000,0x00000000f7c80000)
 ParOldGen       total 349696K, used 349695K [0x00000000e0000000, 0x00000000f5580000, 0x00000000f5580000)
  object space 349696K, 99% used [0x00000000e0000000,0x00000000f557fcd0,0x00000000f5580000)
 Metaspace       used 52257K, committed 53248K, reserved 1097728K
  class space    used 5293K, committed 5696K, reserved 1048576K
}
Event: 1138.644 GC heap before
{Heap before GC invocations=825 (full 702):
 PSYoungGen      total 37888K, used 26623K [0x00000000f5580000, 0x00000000f8b00000, 0x0000000100000000)
  eden space 26624K, 99% used [0x00000000f5580000,0x00000000f6f7fff8,0x00000000f6f80000)
  from space 11264K, 0% used [0x00000000f7e80000,0x00000000f7e80000,0x00000000f8980000)
  to   space 13312K, 0% used [0x00000000f6f80000,0x00000000f6f80000,0x00000000f7c80000)
 ParOldGen       total 349696K, used 349695K [0x00000000e0000000, 0x00000000f5580000, 0x00000000f5580000)
  object space 349696K, 99% used [0x00000000e0000000,0x00000000f557ff68,0x00000000f5580000)
 Metaspace       used 52257K, committed 53248K, reserved 1097728K
  class space    used 5293K, committed 5696K, reserved 1048576K
}
Event: 1140.191 GC heap after
{Heap after GC invocations=825 (full 702):
 PSYoungGen      total 39936K, used 26623K [0x00000000f5580000, 0x00000000f8b00000, 0x0000000100000000)
  eden space 26624K, 99% used [0x00000000f5580000,0x00000000f6f7fff8,0x00000000f6f80000)
  from space 13312K, 0% used [0x00000000f6f80000,0x00000000f6f80000,0x00000000f7c80000)
  to   space 11264K, 0% used [0x00000000f7e80000,0x00000000f7e80000,0x00000000f8980000)
 ParOldGen       total 349696K, used 349695K [0x00000000e0000000, 0x00000000f5580000, 0x00000000f5580000)
  object space 349696K, 99% used [0x00000000e0000000,0x00000000f557fc30,0x00000000f5580000)
 Metaspace       used 52257K, committed 53248K, reserved 1097728K
  class space    used 5293K, committed 5696K, reserved 1048576K
}
Event: 1140.192 GC heap before
{Heap before GC invocations=826 (full 703):
 PSYoungGen      total 39936K, used 26623K [0x00000000f5580000, 0x00000000f8b00000, 0x0000000100000000)
  eden space 26624K, 99% used [0x00000000f5580000,0x00000000f6f7fff8,0x00000000f6f80000)
  from space 13312K, 0% used [0x00000000f6f80000,0x00000000f6f80000,0x00000000f7c80000)
  to   space 11264K, 0% used [0x00000000f7e80000,0x00000000f7e80000,0x00000000f8980000)
 ParOldGen       total 349696K, used 349695K [0x00000000e0000000, 0x00000000f5580000, 0x00000000f5580000)
  object space 349696K, 99% used [0x00000000e0000000,0x00000000f557fe30,0x00000000f5580000)
 Metaspace       used 52257K, committed 53248K, reserved 1097728K
  class space    used 5293K, committed 5696K, reserved 1048576K
}
Event: 1141.703 GC heap after
{Heap after GC invocations=826 (full 703):
 PSYoungGen      total 37888K, used 26623K [0x00000000f5580000, 0x00000000f8b00000, 0x0000000100000000)
  eden space 26624K, 99% used [0x00000000f5580000,0x00000000f6f7fff8,0x00000000f6f80000)
  from space 11264K, 0% used [0x00000000f7e80000,0x00000000f7e80000,0x00000000f8980000)
  to   space 13312K, 0% used [0x00000000f6f80000,0x00000000f6f80000,0x00000000f7c80000)
 ParOldGen       total 349696K, used 349695K [0x00000000e0000000, 0x00000000f5580000, 0x00000000f5580000)
  object space 349696K, 99% used [0x00000000e0000000,0x00000000f557fdc8,0x00000000f5580000)
 Metaspace       used 52257K, committed 53248K, reserved 1097728K
  class space    used 5293K, committed 5696K, reserved 1048576K
}
Event: 1141.703 GC heap before
{Heap before GC invocations=827 (full 704):
 PSYoungGen      total 37888K, used 26623K [0x00000000f5580000, 0x00000000f8b00000, 0x0000000100000000)
  eden space 26624K, 99% used [0x00000000f5580000,0x00000000f6f7fff8,0x00000000f6f80000)
  from space 11264K, 0% used [0x00000000f7e80000,0x00000000f7e80000,0x00000000f8980000)
  to   space 13312K, 0% used [0x00000000f6f80000,0x00000000f6f80000,0x00000000f7c80000)
 ParOldGen       total 349696K, used 349695K [0x00000000e0000000, 0x00000000f5580000, 0x00000000f5580000)
  object space 349696K, 99% used [0x00000000e0000000,0x00000000f557fdc8,0x00000000f5580000)
 Metaspace       used 52257K, committed 53248K, reserved 1097728K
  class space    used 5293K, committed 5696K, reserved 1048576K
}
Event: 1143.522 GC heap after
{Heap after GC invocations=827 (full 704):
 PSYoungGen      total 39936K, used 26623K [0x00000000f5580000, 0x00000000f8b00000, 0x0000000100000000)
  eden space 26624K, 99% used [0x00000000f5580000,0x00000000f6f7fff8,0x00000000f6f80000)
  from space 13312K, 0% used [0x00000000f6f80000,0x00000000f6f80000,0x00000000f7c80000)
  to   space 11264K, 0% used [0x00000000f7e80000,0x00000000f7e80000,0x00000000f8980000)
 ParOldGen       total 349696K, used 349695K [0x00000000e0000000, 0x00000000f5580000, 0x00000000f5580000)
  object space 349696K, 99% used [0x00000000e0000000,0x00000000f557fdc8,0x00000000f5580000)
 Metaspace       used 52257K, committed 53248K, reserved 1097728K
  class space    used 5293K, committed 5696K, reserved 1048576K
}

